<?xml version="1.0" encoding="UTF-8"?>
<!-- Generated by org.testng.reporters.JUnitXMLReporter -->
<testsuite ignored="0" hostname="IBM-PF32Q1ND" failures="0" tests="2" name="Default test" time="23.682" errors="0" timestamp="2023-01-24T12:59:52 IST">
  <testcase classname="computerDatabase.TC_04_ComputerDatabase" name="navigatetoComputerDatabse" time="2.039"/>
  <testcase classname="computerDatabase.TC_04_ComputerDatabase" name="verifyAddaNewComputer" time="10.342"/>
</testsuite> <!-- Default test -->
